<?xml version="1.0" encoding="UTF-8"?>
<robot generator="Robot 7.0 (Python 3.12.3 on win32)" generated="2024-05-17T11:04:30.769402" rpa="false" schemaversion="5">
<suite id="s1" name="Suites">
<suite id="s1-s1" name="TC 01" source="C:\Users\ADMIN\PycharmProjects\robot_project\TestCases\TC_01.robot">
<test id="s1-s1-t1" name="LoginTest" line="9">
<kw name="Open Browser" owner="SeleniumLibrary">
<msg time="2024-05-17T11:04:31.170081" level="INFO">Opening browser 'Chrome' to base url 'https://sekharautomation.netlify.app/'.</msg>
<arg>${url}</arg>
<arg>${browser}</arg>
<doc>Opens a new browser instance to the optional ``url``.</doc>
<status status="PASS" start="2024-05-17T11:04:31.170081" elapsed="6.013369"/>
</kw>
<kw name="Input Text" owner="SeleniumLibrary">
<msg time="2024-05-17T11:04:37.188718" level="INFO">Typing text 'sreekanth' into text field 'id:name'.</msg>
<arg>id:name</arg>
<arg>sreekanth</arg>
<doc>Types the given ``text`` into the text field identified by ``locator``.</doc>
<status status="PASS" start="2024-05-17T11:04:37.183450" elapsed="0.111272"/>
</kw>
<kw name="Input Text" owner="SeleniumLibrary">
<msg time="2024-05-17T11:04:37.294722" level="INFO">Typing text 'mellamputi' into text field 'id:Surname'.</msg>
<arg>id:Surname</arg>
<arg>mellamputi</arg>
<doc>Types the given ``text`` into the text field identified by ``locator``.</doc>
<status status="PASS" start="2024-05-17T11:04:37.294722" elapsed="0.078906"/>
</kw>
<kw name="Input Text" owner="SeleniumLibrary">
<msg time="2024-05-17T11:04:37.373628" level="INFO">Typing text '4th' into text field 'id:sem'.</msg>
<arg>id:sem</arg>
<arg>4th</arg>
<doc>Types the given ``text`` into the text field identified by ``locator``.</doc>
<status status="PASS" start="2024-05-17T11:04:37.373628" elapsed="0.069621"/>
</kw>
<kw name="Input Text" owner="SeleniumLibrary">
<msg time="2024-05-17T11:04:37.443249" level="INFO">Typing text '805604092' into text field 'id:mobile'.</msg>
<arg>id:mobile</arg>
<arg>805604092</arg>
<doc>Types the given ``text`` into the text field identified by ``locator``.</doc>
<status status="PASS" start="2024-05-17T11:04:37.443249" elapsed="0.061994"/>
</kw>
<kw name="Input Text" owner="SeleniumLibrary">
<msg time="2024-05-17T11:04:37.505243" level="INFO">Typing text 'thmelamputi' into text field 'id:email'.</msg>
<arg>id:email</arg>
<arg>thmelamputi</arg>
<doc>Types the given ``text`` into the text field identified by ``locator``.</doc>
<status status="PASS" start="2024-05-17T11:04:37.505243" elapsed="0.067003"/>
</kw>
<status status="PASS" start="2024-05-17T11:04:31.154458" elapsed="6.417788"/>
</test>
<status status="PASS" start="2024-05-17T11:04:30.822704" elapsed="6.749542"/>
</suite>
<status status="PASS" start="2024-05-17T11:04:30.803073" elapsed="6.769173"/>
</suite>
<statistics>
<total>
<stat pass="1" fail="0" skip="0">All Tests</stat>
</total>
<tag>
</tag>
<suite>
<stat pass="1" fail="0" skip="0" id="s1" name="Suites">Suites</stat>
<stat pass="1" fail="0" skip="0" id="s1-s1" name="TC 01">Suites.TC 01</stat>
</suite>
</statistics>
<errors>
</errors>
</robot>
