<?xml version="1.0" encoding="UTF-8"?>
<robot generator="Robot 7.0 (Python 3.12.3 on win32)" generated="2024-05-17T11:04:33.722141" rpa="false" schemaversion="5">
<suite id="s1" name="Suites">
<suite id="s1-s1" name="TC 03" source="C:\Users\ADMIN\PycharmProjects\robot_project\TestCases\TC_03.robot">
<test id="s1-s1-t1" name="Radiobuttons" line="11">
<kw name="Open Browser" owner="SeleniumLibrary">
<msg time="2024-05-17T11:04:33.985029" level="INFO">Opening browser 'Chrome' to base url 'https://demo.seleniumeasy.com/basic-radiobutton-demo.html'.</msg>
<arg>${url}</arg>
<arg>${browser}</arg>
<doc>Opens a new browser instance to the optional ``url``.</doc>
<status status="PASS" start="2024-05-17T11:04:33.985029" elapsed="2.313861"/>
</kw>
<kw name="Set Selenium Speed" owner="SeleniumLibrary">
<arg>2seconds</arg>
<doc>Sets the delay that is waited after each Selenium command.</doc>
<status status="PASS" start="2024-05-17T11:04:36.298890" elapsed="0.000000"/>
</kw>
<kw name="Maximize Browser Window" owner="SeleniumLibrary">
<doc>Maximizes current browser window.</doc>
<status status="PASS" start="2024-05-17T11:04:36.298890" elapsed="2.035401"/>
</kw>
<kw name="Click Element" owner="SeleniumLibrary">
<msg time="2024-05-17T11:04:38.334291" level="INFO">Clicking element 'xpath://input[@value='Male']'.</msg>
<arg>xpath://input[@value='Male']</arg>
<doc>Click the element identified by ``locator``.</doc>
<status status="PASS" start="2024-05-17T11:04:38.334291" elapsed="4.062117"/>
</kw>
<kw name="Select Radio Button" owner="SeleniumLibrary">
<msg time="2024-05-17T11:04:42.396408" level="INFO">Selecting 'Male' from radio button 'gender'.</msg>
<arg>gender</arg>
<arg>Male</arg>
<doc>Sets the radio button group ``group_name`` to ``value``.</doc>
<status status="PASS" start="2024-05-17T11:04:42.396408" elapsed="6.074766"/>
</kw>
<kw name="Select Radio Button" owner="SeleniumLibrary">
<msg time="2024-05-17T11:04:48.471174" level="INFO">Selecting 'Female' from radio button 'gender'.</msg>
<arg>gender</arg>
<arg>Female</arg>
<doc>Sets the radio button group ``group_name`` to ``value``.</doc>
<status status="PASS" start="2024-05-17T11:04:48.471174" elapsed="6.111269"/>
</kw>
<status status="PASS" start="2024-05-17T11:04:33.985029" elapsed="20.598426"/>
</test>
<status status="PASS" start="2024-05-17T11:04:33.753389" elapsed="20.832377"/>
</suite>
<status status="PASS" start="2024-05-17T11:04:33.737767" elapsed="20.852074"/>
</suite>
<statistics>
<total>
<stat pass="1" fail="0" skip="0">All Tests</stat>
</total>
<tag>
</tag>
<suite>
<stat pass="1" fail="0" skip="0" id="s1" name="Suites">Suites</stat>
<stat pass="1" fail="0" skip="0" id="s1-s1" name="TC 03">Suites.TC 03</stat>
</suite>
</statistics>
<errors>
</errors>
</robot>
