<?xml version="1.0" encoding="UTF-8"?>
<robot generator="Robot 7.0 (Python 3.12.3 on win32)" generated="2024-05-17T11:04:30.769402" rpa="false" schemaversion="5">
<suite id="s1" name="Suites">
<suite id="s1-s1" name="TC 02" source="C:\Users\ADMIN\PycharmProjects\robot_project\TestCases\TC_02.robot">
<test id="s1-s1-t1" name="LoginTest" line="7">
<kw name="Open Browser" owner="SeleniumLibrary">
<msg time="2024-05-17T11:04:31.170081" level="INFO">Opening browser 'chrome' to base url 'https://demo.nopcommerce.com/'.</msg>
<msg time="2024-05-17T11:04:32.974878" level="INFO">Cannot capture screenshot because no browser is open.</msg>
<msg time="2024-05-17T11:04:32.974878" level="FAIL">WebDriverException: Message: 'chromedriver.exe' executable may have wrong permissions.
</msg>
<arg>${url}</arg>
<arg>${browser}</arg>
<doc>Opens a new browser instance to the optional ``url``.</doc>
<status status="FAIL" start="2024-05-17T11:04:31.154458" elapsed="1.920601">WebDriverException: Message: 'chromedriver.exe' executable may have wrong permissions.
</status>
</kw>
<kw name="Maximize Browser Window" owner="SeleniumLibrary">
<doc>Maximizes current browser window.</doc>
<status status="NOT RUN" start="2024-05-17T11:04:33.075059" elapsed="0.000000"/>
</kw>
<kw name="Click Link" owner="SeleniumLibrary">
<arg>xpath://a[@class='ico-login']</arg>
<doc>Clicks a link identified by ``locator``.</doc>
<status status="NOT RUN" start="2024-05-17T11:04:33.075059" elapsed="0.000000"/>
</kw>
<kw name="Set Variable" owner="BuiltIn">
<var>${"email_txt"}</var>
<arg>xpath://input[@class='email']</arg>
<doc>Returns the given values which can then be assigned to a variables.</doc>
<status status="NOT RUN" start="2024-05-17T11:04:33.075059" elapsed="0.000000"/>
</kw>
<kw name="Element Should Be Visible" owner="SeleniumLibrary">
<arg>${"email_txt"}</arg>
<doc>Verifies that the element identified by ``locator`` is visible.</doc>
<status status="NOT RUN" start="2024-05-17T11:04:33.075059" elapsed="0.000000"/>
</kw>
<kw name="Element Should Be Enabled" owner="SeleniumLibrary">
<arg>${"email_txt"}</arg>
<doc>Verifies that element identified by ``locator`` is enabled.</doc>
<status status="NOT RUN" start="2024-05-17T11:04:33.075059" elapsed="0.000000"/>
</kw>
<kw name="Title Should Be" owner="SeleniumLibrary">
<arg>nopCommerce demo store. Login</arg>
<doc>Verifies that the current page title equals ``title``.</doc>
<status status="NOT RUN" start="2024-05-17T11:04:33.075059" elapsed="0.000000"/>
</kw>
<kw name="Input Text" owner="SeleniumLibrary">
<arg>${"email_txt"}</arg>
<arg>sree@kanth042@gmai.com</arg>
<doc>Types the given ``text`` into the text field identified by ``locator``.</doc>
<status status="NOT RUN" start="2024-05-17T11:04:33.075059" elapsed="0.000000"/>
</kw>
<kw name="Input Text" owner="SeleniumLibrary">
<arg>id:Password</arg>
<arg>sree@123</arg>
<doc>Types the given ``text`` into the text field identified by ``locator``.</doc>
<status status="NOT RUN" start="2024-05-17T11:04:33.075059" elapsed="0.000000"/>
</kw>
<kw name="Clear Element Text" owner="SeleniumLibrary">
<arg>id:Password</arg>
<doc>Clears the value of the text-input-element identified by ``locator``.</doc>
<status status="NOT RUN" start="2024-05-17T11:04:33.075059" elapsed="0.000000"/>
</kw>
<kw name="Click Element" owner="SeleniumLibrary">
<arg>id:RememberMe</arg>
<doc>Click the element identified by ``locator``.</doc>
<status status="NOT RUN" start="2024-05-17T11:04:33.075059" elapsed="0.000000"/>
</kw>
<kw name="Click Button" owner="SeleniumLibrary">
<arg>xpath://button[@type='submit']</arg>
<doc>Clicks the button identified by ``locator``.</doc>
<status status="NOT RUN" start="2024-05-17T11:04:33.075059" elapsed="0.000000"/>
</kw>
<kw name="Handle Alert" owner="SeleniumLibrary">
<arg>accept</arg>
<doc>Handles the current alert and returns its message.</doc>
<status status="NOT RUN" start="2024-05-17T11:04:33.075059" elapsed="0.000000"/>
</kw>
<kw name="Sleep" owner="BuiltIn">
<arg>5</arg>
<doc>Pauses the test executed for the given time.</doc>
<status status="NOT RUN" start="2024-05-17T11:04:33.075059" elapsed="0.000000"/>
</kw>
<kw name="Close Browser" owner="SeleniumLibrary">
<doc>Closes the current browser.</doc>
<status status="NOT RUN" start="2024-05-17T11:04:33.075059" elapsed="0.000000"/>
</kw>
<status status="FAIL" start="2024-05-17T11:04:31.154458" elapsed="1.920601">WebDriverException: Message: 'chromedriver.exe' executable may have wrong permissions.
</status>
</test>
<status status="FAIL" start="2024-05-17T11:04:30.822704" elapsed="2.252355"/>
</suite>
<status status="FAIL" start="2024-05-17T11:04:30.807076" elapsed="2.283605"/>
</suite>
<statistics>
<total>
<stat pass="0" fail="1" skip="0">All Tests</stat>
</total>
<tag>
</tag>
<suite>
<stat pass="0" fail="1" skip="0" id="s1" name="Suites">Suites</stat>
<stat pass="0" fail="1" skip="0" id="s1-s1" name="TC 02">Suites.TC 02</stat>
</suite>
</statistics>
<errors>
</errors>
</robot>
